<?xml version="1.0" encoding="UTF-8"?>
<testsuite name="com.github.jomof.kane.GradualEvaluatorTest" tests="13" skipped="0" failures="0" errors="0" timestamp="2021-02-05T17:22:42" hostname="fv-az183-280" time="0.092">
  <properties/>
  <testcase name="sum of mean of random" classname="com.github.jomof.kane.GradualEvaluatorTest" time="0.001"/>
  <testcase name="accumulated step" classname="com.github.jomof.kane.GradualEvaluatorTest" time="0.002"/>
  <testcase name="mean of random" classname="com.github.jomof.kane.GradualEvaluatorTest" time="0.001"/>
  <testcase name="sum of mean of single random" classname="com.github.jomof.kane.GradualEvaluatorTest" time="0.001"/>
  <testcase name="basic random variable" classname="com.github.jomof.kane.GradualEvaluatorTest" time="0.003"/>
  <testcase name="binary of sheet ranges" classname="com.github.jomof.kane.GradualEvaluatorTest" time="0.002"/>
  <testcase name="sheet with multiple variables" classname="com.github.jomof.kane.GradualEvaluatorTest" time="0.035"/>
  <testcase name="anonymous random" classname="com.github.jomof.kane.GradualEvaluatorTest" time="0.002"/>
  <testcase name="repro formula adjustment in filtering" classname="com.github.jomof.kane.GradualEvaluatorTest" time="0.008"/>
  <testcase name="same variable multiple times" classname="com.github.jomof.kane.GradualEvaluatorTest" time="0.001"/>
  <testcase name="basic matrix" classname="com.github.jomof.kane.GradualEvaluatorTest" time="0.0"/>
  <testcase name="basic sheet" classname="com.github.jomof.kane.GradualEvaluatorTest" time="0.01"/>
  <testcase name="basic scalar" classname="com.github.jomof.kane.GradualEvaluatorTest" time="0.0"/>
  <system-out><![CDATA[Read 10 rows with 4 columns
Read 10 rows with 4 columns
Read 10 rows with 4 columns
Read 10 rows with 4 columns
Read 10 rows with 4 columns
Read 10 rows with 4 columns
Read 4 rows with 2 columns
Read 10 rows with 4 columns
Read 10 rows with 4 columns
Read 10 rows with 4 columns
Read 10 rows with 4 columns
Read 10 rows with 4 columns
Read 10 rows with 4 columns
Read 10 rows with 4 columns
]]></system-out>
  <system-err><![CDATA[]]></system-err>
</testsuite>
