<?xml version="1.0" encoding="UTF-8"?>
<testsuite name="com.github.jomof.kane.RandomVariablesTest" tests="9" skipped="0" failures="0" errors="0" timestamp="2021-02-05T17:22:35" hostname="fv-az183-280" time="2.503">
  <properties/>
  <testcase name="sum of mean of random" classname="com.github.jomof.kane.RandomVariablesTest" time="0.001"/>
  <testcase name="find random variable" classname="com.github.jomof.kane.RandomVariablesTest" time="0.001"/>
  <testcase name="mean of random" classname="com.github.jomof.kane.RandomVariablesTest" time="0.001"/>
  <testcase name="basic" classname="com.github.jomof.kane.RandomVariablesTest" time="0.007"/>
  <testcase name="sheet with multiple variables" classname="com.github.jomof.kane.RandomVariablesTest" time="0.101"/>
  <testcase name="sheet with accumulated step" classname="com.github.jomof.kane.RandomVariablesTest" time="2.38"/>
  <testcase name="anonymous random" classname="com.github.jomof.kane.RandomVariablesTest" time="0.001"/>
  <testcase name="same variable multiple times" classname="com.github.jomof.kane.RandomVariablesTest" time="0.002"/>
  <testcase name="basic sheet" classname="com.github.jomof.kane.RandomVariablesTest" time="0.003"/>
  <system-out><![CDATA[mean=0.11572391304347827
median=0.1422
         A                    B                        C            
  --------------- ------------------------ ------------------------ 
1          random random(1928.0 to 2019.0) random(1928.0 to 2019.0) 
2         s&p 500                sp500(B1)      sp500(B1)*sp500(C1) 
3            mean                 mean(B2)                 mean(C2) 
4          median               median(B2)               median(C2) 
5        positive           mean(step(B2))           mean(step(C2)) 
6  5th percentile      percentile(B2,0.05)      percentile(C2,0.05) 
7 95th percentile      percentile(B2,0.95)      percentile(C2,0.95) 
8 95th percentile     percentile(B2,0.255)     percentile(C2,0.255) 
         A           B     C   
  --------------- ------ ----- 
1          random   1974  1975 
2         s&p 500    14%    1% 
3            mean    12%    1% 
4          median    14%    1% 
5        positive    73%   60% 
6  5th percentile (-25%) (-5%) 
7 95th percentile    47%   10% 
8 95th percentile     0% (-1%) 
]]></system-out>
  <system-err><![CDATA[]]></system-err>
</testsuite>
