<?xml version="1.0" encoding="UTF-8"?>
<testsuite name="com.github.jomof.kane.RangesTest" tests="9" skipped="0" failures="0" errors="0" timestamp="2021-02-05T17:22:59" hostname="fv-az183-280" time="0.004">
  <properties/>
  <testcase name="relative coordinate" classname="com.github.jomof.kane.RangesTest" time="0.0"/>
  <testcase name="repro A1 B2 issue" classname="com.github.jomof.kane.RangesTest" time="0.001"/>
  <testcase name="rebase range" classname="com.github.jomof.kane.RangesTest" time="0.0"/>
  <testcase name="repro D issue" classname="com.github.jomof.kane.RangesTest" time="0.0"/>
  <testcase name="check parse range" classname="com.github.jomof.kane.RangesTest" time="0.0"/>
  <testcase name="repro AA issue" classname="com.github.jomof.kane.RangesTest" time="0.0"/>
  <testcase name="check cell names" classname="com.github.jomof.kane.RangesTest" time="0.0"/>
  <testcase name="rebase range colummn up" classname="com.github.jomof.kane.RangesTest" time="0.0"/>
  <testcase name="check parse range and move" classname="com.github.jomof.kane.RangesTest" time="0.001"/>
  <system-out><![CDATA[]]></system-out>
  <system-err><![CDATA[]]></system-err>
</testsuite>
