<?xml version="1.0" encoding="UTF-8"?>
<testsuite name="com.github.jomof.kane.WithTypeTest" tests="2" skipped="0" failures="0" errors="0" timestamp="2021-02-05T17:22:38" hostname="fv-az183-280" time="0.003">
  <properties/>
  <testcase name="matrix" classname="com.github.jomof.kane.WithTypeTest" time="0.003"/>
  <testcase name="scalar" classname="com.github.jomof.kane.WithTypeTest" time="0.0"/>
  <system-out><![CDATA[]]></system-out>
  <system-err><![CDATA[]]></system-err>
</testsuite>
