<?xml version="1.0" encoding="UTF-8"?>
<testsuite name="com.github.jomof.kane.StringTest" tests="1" skipped="0" failures="0" errors="0" timestamp="2021-02-05T17:22:43" hostname="fv-az183-280" time="0.001">
  <properties/>
  <testcase name="padding" classname="com.github.jomof.kane.StringTest" time="0.001"/>
  <system-out><![CDATA[]]></system-out>
  <system-err><![CDATA[]]></system-err>
</testsuite>
