<?xml version="1.0" encoding="UTF-8"?>
<testsuite name="com.github.jomof.kane.StreamingStatisticsTest" tests="7" skipped="0" failures="0" errors="0" timestamp="2021-02-05T17:22:43" hostname="fv-az183-280" time="3.498">
  <properties/>
  <testcase name="one element" classname="com.github.jomof.kane.StreamingStatisticsTest" time="0.0"/>
  <testcase name="repeated three element" classname="com.github.jomof.kane.StreamingStatisticsTest" time="0.061"/>
  <testcase name="check standard deviation" classname="com.github.jomof.kane.StreamingStatisticsTest" time="0.0"/>
  <testcase name="repeated three element with compress" classname="com.github.jomof.kane.StreamingStatisticsTest" time="3.433"/>
  <testcase name="two element" classname="com.github.jomof.kane.StreamingStatisticsTest" time="0.0"/>
  <testcase name="three element" classname="com.github.jomof.kane.StreamingStatisticsTest" time="0.0"/>
  <testcase name="basic" classname="com.github.jomof.kane.StreamingStatisticsTest" time="0.0"/>
  <system-out><![CDATA[New max elements (0, 1): 3
New max elements (0, 2): 6
New max elements (0, 3): 9
New max elements (0, 4): 12
New max elements (0, 5): 15
New max elements (0, 6): 18
New max elements (0, 7): 21
New max elements (0, 8): 24
New max elements (0, 9): 27
New max elements (0, 10): 30
New max elements (0, 11): 33
New max elements (0, 12): 36
New max elements (0, 13): 39
New max elements (0, 14): 42
New max elements (0, 15): 45
New max elements (0, 16): 48
New max elements (0, 17): 51
New max elements (0, 18): 54
New max elements (0, 19): 57
New max elements (0, 20): 60
New max elements (0, 21): 63
New max elements (0, 22): 66
New max elements (0, 23): 69
New max elements (0, 24): 72
New max elements (0, 25): 75
New max elements (0, 26): 78
New max elements (0, 27): 81
New max elements (0, 28): 84
New max elements (0, 29): 87
New max elements (0, 30): 90
New max elements (0, 31): 93
New max elements (0, 32): 96
New max elements (0, 33): 99
New max elements (0, 59): 102
New max elements (0, 60): 105
New max elements (0, 61): 108
New max elements (0, 62): 111
New max elements (0, 63): 114
New max elements (0, 64): 117
New max elements (0, 65): 120
New max elements (0, 66): 123
New max elements (0, 96): 124
New max elements (0, 97): 127
New max elements (0, 98): 130
New max elements (0, 99): 133
New max elements (0, 112): 136
New max elements (0, 113): 139
New max elements (0, 114): 142
New max elements (0, 115): 145
New max elements (0, 116): 148
New max elements (0, 131): 151
New max elements (0, 132): 154
New max elements (0, 133): 157
New max elements (0, 163): 158
New max elements (0, 164): 161
New max elements (0, 165): 164
New max elements (0, 166): 167
New max elements (0, 183): 170
New max elements (0, 199): 173
New max elements (0, 213): 176
New max elements (0, 214): 179
New max elements (0, 215): 182
New max elements (0, 216): 185
New max elements (0, 233): 188
New max elements (0, 249): 191
New max elements (0, 263): 194
New max elements (0, 264): 197
New max elements (0, 265): 200
New max elements (0, 266): 203
New max elements (0, 314): 204
New max elements (0, 315): 207
New max elements (0, 316): 210
New max elements (0, 364): 213
New max elements (0, 365): 216
New max elements (0, 366): 219
New max elements (0, 414): 222
New max elements (0, 415): 225
New max elements (0, 416): 228
New max elements (0, 464): 231
New max elements (0, 465): 234
New max elements (0, 466): 237
New max elements (0, 514): 240
New max elements (0, 515): 243
New max elements (0, 516): 246
New max elements (0, 565): 249
New max elements (0, 566): 252
New max elements (0, 615): 255
New max elements (0, 616): 258
New max elements (0, 665): 261
New max elements (0, 666): 264
New max elements (0, 715): 267
New max elements (0, 716): 270
New max elements (0, 765): 273
New max elements (0, 766): 276
New max elements (0, 815): 278
New max elements (0, 816): 281
New max elements (0, 866): 284
New max elements (0, 916): 287
New max elements (0, 966): 290
New max elements (0, 1016): 293
New max elements (0, 1066): 296
New max elements (0, 1116): 298
New max elements (0, 1166): 301
New max elements (0, 1216): 304
New max elements (0, 1266): 307
New max elements (0, 1316): 310
New max elements (0, 1366): 313
New max elements (0, 1416): 316
New max elements (0, 1466): 319
New max elements (0, 1516): 322
New max elements (0, 1566): 325
New max elements (0, 1616): 328
New max elements (0, 1666): 330
New max elements (0, 1716): 332
New max elements (0, 1766): 333
New max elements (0, 1816): 335
New max elements (0, 1866): 336
New max elements (0, 1916): 338
New max elements (0, 1966): 339
New max elements (0, 2016): 341
New max elements (0, 2066): 342
New max elements (0, 2116): 344
New max elements (0, 2166): 345
New max elements (0, 2216): 347
New max elements (0, 2266): 348
New max elements (0, 2316): 350
New max elements (0, 2366): 351
New max elements (0, 2416): 353
New max elements (0, 2466): 354
New max elements (0, 2516): 356
New max elements (0, 2566): 357
New max elements (0, 2616): 359
New max elements (0, 2666): 360
New max elements (0, 2716): 362
New max elements (0, 2766): 363
New max elements (0, 2816): 364
New max elements (0, 2866): 365
New max elements (0, 2916): 367
New max elements (0, 2966): 368
New max elements (0, 3016): 370
New max elements (0, 3066): 371
New max elements (0, 3116): 373
New max elements (0, 3166): 374
New max elements (0, 3216): 376
New max elements (0, 3266): 377
New max elements (0, 3316): 378
New max elements (0, 3366): 379
New max elements (0, 3416): 381
New max elements (0, 3466): 382
New max elements (0, 3616): 384
New max elements (0, 3666): 385
New max elements (0, 3816): 387
New max elements (0, 3866): 388
New max elements (0, 4016): 390
New max elements (0, 4066): 391
New max elements (0, 4216): 393
New max elements (0, 4266): 394
New max elements (0, 4416): 396
New max elements (0, 4466): 397
New max elements (0, 4616): 399
New max elements (0, 4666): 400
New max elements (0, 4816): 402
New max elements (0, 4866): 403
New max elements (0, 5016): 405
New max elements (0, 5066): 406
New max elements (0, 5216): 408
New max elements (0, 5266): 409
New max elements (0, 5416): 411
New max elements (0, 5466): 412
New max elements (0, 5616): 414
New max elements (0, 5666): 415
New max elements (0, 5816): 417
New max elements (0, 5866): 418
New max elements (0, 6016): 420
New max elements (0, 6066): 421
New max elements (0, 6216): 422
New max elements (0, 6266): 423
New max elements (0, 6416): 425
New max elements (0, 6466): 426
New max elements (0, 6616): 428
New max elements (0, 6816): 430
New max elements (0, 6866): 431
New max elements (0, 7016): 432
New max elements (0, 7216): 433
New max elements (0, 7266): 434
New max elements (0, 7416): 435
New max elements (0, 7616): 436
New max elements (0, 7666): 437
New max elements (0, 7816): 438
New max elements (0, 8016): 439
New max elements (0, 8066): 440
New max elements (0, 8216): 441
New max elements (0, 8416): 442
New max elements (0, 8466): 443
New max elements (0, 8616): 444
New max elements (0, 8816): 445
New max elements (0, 8866): 446
New max elements (0, 9016): 447
New max elements (0, 9216): 448
New max elements (0, 9266): 449
New max elements (0, 9416): 450
New max elements (0, 9616): 451
New max elements (0, 9666): 452
New max elements (0, 9816): 453
New max elements (0, 10016): 454
New max elements (0, 10066): 455
New max elements (0, 10216): 456
New max elements (0, 10416): 457
New max elements (0, 10466): 458
New max elements (0, 10616): 459
New max elements (0, 10816): 460
New max elements (0, 10866): 461
New max elements (0, 11016): 462
New max elements (0, 11216): 463
New max elements (0, 11266): 464
New max elements (0, 11416): 465
New max elements (0, 11616): 466
New max elements (0, 11666): 467
New max elements (0, 11816): 468
New max elements (0, 12016): 469
New max elements (0, 12066): 470
New max elements (0, 12216): 471
New max elements (0, 12416): 472
New max elements (0, 12466): 473
New max elements (0, 12616): 474
New max elements (0, 12866): 475
New max elements (0, 13016): 476
New max elements (0, 13216): 477
New max elements (0, 13266): 478
New max elements (0, 13616): 479
New max elements (0, 13666): 480
New max elements (0, 13816): 481
New max elements (0, 14016): 482
New max elements (0, 14066): 483
New max elements (0, 14616): 484
New max elements (0, 14816): 485
New max elements (0, 14866): 486
New max elements (0, 15416): 487
New max elements (0, 15616): 488
New max elements (0, 15666): 489
New max elements (0, 16216): 490
New max elements (0, 16416): 491
New max elements (0, 16466): 492
New max elements (0, 17016): 493
New max elements (0, 17216): 494
New max elements (0, 17266): 495
New max elements (0, 17816): 496
New max elements (0, 18016): 497
New max elements (0, 18066): 498
New max elements (0, 18616): 499
New max elements (0, 18816): 500
New max elements (0, 18866): 501
New max elements (0, 19416): 502
New max elements (0, 19616): 503
New max elements (0, 19666): 504
New max elements (0, 20216): 505
New max elements (0, 20416): 506
New max elements (0, 20466): 507
New max elements (0, 21016): 508
New max elements (0, 21216): 509
New max elements (0, 21266): 510
New max elements (0, 21816): 511
New max elements (0, 22016): 512
New max elements (0, 22066): 513
New max elements (0, 22616): 514
New max elements (0, 22816): 515
New max elements (0, 22866): 516
New max elements (0, 23416): 517
New max elements (0, 23616): 518
New max elements (0, 23666): 519
New max elements (0, 24216): 520
New max elements (0, 24416): 521
New max elements (0, 24466): 522
New max elements (0, 25016): 523
New max elements (0, 25216): 524
New max elements (0, 25266): 525
New max elements (0, 25816): 526
New max elements (0, 26016): 527
New max elements (0, 26066): 528
New max elements (0, 26866): 529
New max elements (0, 27416): 530
New max elements (0, 27616): 531
New max elements (0, 27666): 532
New max elements (0, 29016): 533
New max elements (0, 29216): 534
New max elements (0, 29266): 535
New max elements (16, 29766): 538
New max elements (18, 29316): 539
New max elements (18, 29449): 541
]]></system-out>
  <system-err><![CDATA[]]></system-err>
</testsuite>
