<?xml version="1.0" encoding="UTF-8"?>
<testsuite name="com.github.jomof.kane.AnalyzeDataTypesTest" tests="1" skipped="0" failures="0" errors="0" timestamp="2021-02-05T17:22:38" hostname="fv-az183-280" time="0.002">
  <properties/>
  <testcase name="basic" classname="com.github.jomof.kane.AnalyzeDataTypesTest" time="0.002"/>
  <system-out><![CDATA[]]></system-out>
  <system-err><![CDATA[]]></system-err>
</testsuite>
